--------------------------------------------------------------------------------
Release 14.7 Trace  (nt64)
Copyright (c) 1995-2013 Xilinx, Inc.  All rights reserved.

E:\Xilinx\14.7\ISE_DS\ISE\bin\nt64\unwrapped\trce.exe -intstyle ise -v 3 -s 3
-n 3 -fastpaths -xml CdgSum.twx CdgSum.ncd -o CdgSum.twr CdgSum.pcf -ucf
PinSum.ucf

Design file:              CdgSum.ncd
Physical constraint file: CdgSum.pcf
Device,package,speed:     xc6slx9,tqg144,C,-3 (PRODUCTION 1.23 2013-10-13)
Report level:             verbose report

Environment Variable      Effect 
--------------------      ------ 
NONE                      No environment variables were set
--------------------------------------------------------------------------------

INFO:Timing:2698 - No timing constraints found, doing default enumeration.
INFO:Timing:3412 - To improve timing, see the Timing Closure User Guide (UG612).
INFO:Timing:2752 - To get complete path coverage, use the unconstrained paths 
   option. All paths that are not constrained will be reported in the 
   unconstrained paths section(s) of the report.
INFO:Timing:3339 - The clock-to-out numbers in this timing report are based on 
   a 50 Ohm transmission line loading model.  For the details of this model, 
   and for more information on accounting for different loading conditions, 
   please see the device datasheet.



Data Sheet report:
-----------------
All values displayed in nanoseconds (ns)

Pad to Pad
---------------+---------------+---------+
Source Pad     |Destination Pad|  Delay  |
---------------+---------------+---------+
A<0>           |C3             |    8.357|
A<0>           |E              |    7.825|
A<0>           |G              |    7.579|
A<0>           |L              |    8.504|
A<0>           |S<0>           |    6.516|
A<0>           |S<1>           |    7.800|
A<0>           |S<2>           |    7.621|
A<0>           |S<3>           |    8.265|
A<1>           |C3             |    8.432|
A<1>           |E              |    7.234|
A<1>           |G              |    7.259|
A<1>           |L              |    7.913|
A<1>           |S<1>           |    7.480|
A<1>           |S<2>           |    7.613|
A<1>           |S<3>           |    8.340|
A<2>           |C3             |    8.371|
A<2>           |E              |    8.069|
A<2>           |G              |    6.731|
A<2>           |L              |    7.702|
A<2>           |S<2>           |    7.336|
A<2>           |S<3>           |    8.279|
A<3>           |C3             |    7.554|
A<3>           |E              |    8.106|
A<3>           |G              |    6.768|
A<3>           |L              |    7.412|
A<3>           |S<3>           |    7.462|
B<0>           |C3             |    8.960|
B<0>           |E              |    7.889|
B<0>           |G              |    7.700|
B<0>           |L              |    8.568|
B<0>           |S<0>           |    6.984|
B<0>           |S<1>           |    7.921|
B<0>           |S<2>           |    8.023|
B<0>           |S<3>           |    8.868|
B<1>           |C3             |    8.251|
B<1>           |E              |    7.639|
B<1>           |G              |    7.509|
B<1>           |L              |    8.318|
B<1>           |S<1>           |    7.730|
B<1>           |S<2>           |    7.595|
B<1>           |S<3>           |    8.159|
B<2>           |C3             |    8.574|
B<2>           |E              |    8.245|
B<2>           |G              |    7.562|
B<2>           |L              |    7.591|
B<2>           |S<2>           |    7.953|
B<2>           |S<3>           |    8.482|
B<3>           |C3             |    7.937|
B<3>           |E              |    7.756|
B<3>           |G              |    6.418|
B<3>           |L              |    7.452|
B<3>           |S<3>           |    7.845|
---------------+---------------+---------+


Analysis completed Thu Mar 31 15:30:26 2022 
--------------------------------------------------------------------------------

Trace Settings:
-------------------------
Trace Settings 

Peak Memory Usage: 4570 MB



