--------------------------------------------------------------------------------
Release 14.7 Trace  (nt64)
Copyright (c) 1995-2013 Xilinx, Inc.  All rights reserved.

E:\Xilinx\14.7\ISE_DS\ISE\bin\nt64\unwrapped\trce.exe -intstyle ise -v 3 -s 3
-n 3 -fastpaths -xml SumIns.twx SumIns.ncd -o SumIns.twr SumIns.pcf -ucf
PinsInsSum.ucf

Design file:              SumIns.ncd
Physical constraint file: SumIns.pcf
Device,package,speed:     xc6slx9,tqg144,C,-3 (PRODUCTION 1.23 2013-10-13)
Report level:             verbose report

Environment Variable      Effect 
--------------------      ------ 
NONE                      No environment variables were set
--------------------------------------------------------------------------------

INFO:Timing:2698 - No timing constraints found, doing default enumeration.
INFO:Timing:3412 - To improve timing, see the Timing Closure User Guide (UG612).
INFO:Timing:2752 - To get complete path coverage, use the unconstrained paths 
   option. All paths that are not constrained will be reported in the 
   unconstrained paths section(s) of the report.
INFO:Timing:3339 - The clock-to-out numbers in this timing report are based on 
   a 50 Ohm transmission line loading model.  For the details of this model, 
   and for more information on accounting for different loading conditions, 
   please see the device datasheet.



Data Sheet report:
-----------------
All values displayed in nanoseconds (ns)

Pad to Pad
---------------+---------------+---------+
Source Pad     |Destination Pad|  Delay  |
---------------+---------------+---------+
A<0>           |C              |    8.845|
A<0>           |S<0>           |    6.937|
A<0>           |S<1>           |    8.028|
A<0>           |S<2>           |    7.628|
A<0>           |S<3>           |    8.753|
A<1>           |C              |    8.635|
A<1>           |S<1>           |    7.681|
A<1>           |S<2>           |    7.388|
A<1>           |S<3>           |    8.543|
A<2>           |C              |    8.154|
A<2>           |S<2>           |    7.423|
A<2>           |S<3>           |    8.062|
A<3>           |C              |    7.548|
A<3>           |S<3>           |    7.456|
B<0>           |C              |    8.989|
B<0>           |S<0>           |    7.056|
B<0>           |S<1>           |    8.147|
B<0>           |S<2>           |    7.818|
B<0>           |S<3>           |    8.897|
B<1>           |C              |    8.709|
B<1>           |S<1>           |    7.898|
B<1>           |S<2>           |    7.506|
B<1>           |S<3>           |    8.617|
B<2>           |C              |    7.978|
B<2>           |S<2>           |    7.174|
B<2>           |S<3>           |    7.886|
B<3>           |C              |    7.436|
B<3>           |S<3>           |    7.344|
---------------+---------------+---------+


Analysis completed Thu Mar 31 16:49:52 2022 
--------------------------------------------------------------------------------

Trace Settings:
-------------------------
Trace Settings 

Peak Memory Usage: 4570 MB



