--------------------------------------------------------------------------------
Release 14.7 Trace  (nt64)
Copyright (c) 1995-2013 Xilinx, Inc.  All rights reserved.

E:\Xilinx\14.7\ISE_DS\ISE\bin\nt64\unwrapped\trce.exe -intstyle ise -v 3 -s 3
-n 3 -fastpaths -xml CdgRestVec.twx CdgRestVec.ncd -o CdgRestVec.twr
CdgRestVec.pcf -ucf PinRestCompVec.ucf

Design file:              CdgRestVec.ncd
Physical constraint file: CdgRestVec.pcf
Device,package,speed:     xc6slx9,tqg144,C,-3 (PRODUCTION 1.23 2013-10-13)
Report level:             verbose report

Environment Variable      Effect 
--------------------      ------ 
NONE                      No environment variables were set
--------------------------------------------------------------------------------

INFO:Timing:2698 - No timing constraints found, doing default enumeration.
INFO:Timing:3412 - To improve timing, see the Timing Closure User Guide (UG612).
INFO:Timing:2752 - To get complete path coverage, use the unconstrained paths 
   option. All paths that are not constrained will be reported in the 
   unconstrained paths section(s) of the report.
INFO:Timing:3339 - The clock-to-out numbers in this timing report are based on 
   a 50 Ohm transmission line loading model.  For the details of this model, 
   and for more information on accounting for different loading conditions, 
   please see the device datasheet.



Data Sheet report:
-----------------
All values displayed in nanoseconds (ns)

Pad to Pad
---------------+---------------+---------+
Source Pad     |Destination Pad|  Delay  |
---------------+---------------+---------+
A<0>           |D<0>           |    7.382|
A<0>           |D<1>           |    7.852|
A<0>           |D<2>           |    8.076|
A<0>           |D<3>           |    8.809|
A<0>           |E              |    8.700|
A<0>           |G              |    7.508|
A<0>           |L              |    8.652|
A<0>           |P3             |    9.200|
A<1>           |D<1>           |    7.364|
A<1>           |D<2>           |    7.951|
A<1>           |D<3>           |    8.321|
A<1>           |E              |    8.485|
A<1>           |G              |    6.895|
A<1>           |L              |    8.164|
A<1>           |P3             |    8.712|
A<2>           |D<2>           |    7.032|
A<2>           |D<3>           |    7.733|
A<2>           |E              |    7.477|
A<2>           |G              |    6.464|
A<2>           |L              |    7.576|
A<2>           |P3             |    8.124|
A<3>           |D<3>           |    7.757|
A<3>           |E              |    7.194|
A<3>           |G              |    6.397|
A<3>           |L              |    7.600|
A<3>           |P3             |    8.148|
B<0>           |D<0>           |    6.775|
B<0>           |D<1>           |    8.000|
B<0>           |D<2>           |    7.794|
B<0>           |D<3>           |    8.957|
B<0>           |E              |    8.093|
B<0>           |G              |    7.163|
B<0>           |L              |    8.800|
B<0>           |P3             |    9.348|
B<1>           |D<1>           |    7.603|
B<1>           |D<2>           |    7.604|
B<1>           |D<3>           |    8.560|
B<1>           |E              |    8.112|
B<1>           |G              |    6.642|
B<1>           |L              |    8.403|
B<1>           |P3             |    8.951|
B<2>           |D<2>           |    7.711|
B<2>           |D<3>           |    7.965|
B<2>           |E              |    7.845|
B<2>           |G              |    7.280|
B<2>           |L              |    7.808|
B<2>           |P3             |    8.356|
B<3>           |D<3>           |    7.599|
B<3>           |E              |    7.702|
B<3>           |G              |    6.346|
B<3>           |L              |    7.442|
B<3>           |P3             |    7.990|
---------------+---------------+---------+


Analysis completed Thu Mar 31 14:47:45 2022 
--------------------------------------------------------------------------------

Trace Settings:
-------------------------
Trace Settings 

Peak Memory Usage: 4571 MB



