ISim log file
Running: E:\ISE projects\Practica3\simulacion_isim_beh.exe -intstyle ise -gui -tclbatch isim.cmd -wdb E:/ISE projects/Practica3/simulacion_isim_beh.wdb 
INFO: There is another simulation running in the same directory. Using database file name isim1.wdb.
ISim P.20131013 (signature 0x7708f090)
This is a Full version of ISim.
Time resolution is 1 ps
# onerror resume
# wave add /
# run 1000 ns
Simulator is doing circuit initialization process.
Finished circuit initialization process.
# isim force add /simulacion/pi 0 -radix bin
# isim force add /simulacion/pi 0 -radix bin
# run 1.00us
# run 1.00us
# run 1.00us
# isim force add /simulacion/pi 1 -radix bin
# isim force add /simulacion/pi 1 -radix bin
# isim force add /simulacion/pd 1 -radix bin
# isim force add /simulacion/pd 1 -radix bin
# isim force add /simulacion/c 0 -radix bin
# isim force add /simulacion/c 0 -radix bin
# isim force add /simulacion/sw 0 -radix bin
# isim force add /simulacion/sw 0 -radix bin
# run 1.00us
# run 1.00us
# run 1.00us
# run 1.00us
# run 1.00us
