--------------------------------------------------------------------------------
Release 14.7 Trace  (nt64)
Copyright (c) 1995-2013 Xilinx, Inc.  All rights reserved.

E:\Xilinx\14.7\ISE_DS\ISE\bin\nt64\unwrapped\trce.exe -intstyle ise -v 3 -s 3
-n 3 -fastpaths -xml MuxProgram.twx MuxProgram.ncd -o MuxProgram.twr
MuxProgram.pcf -ucf Pines.ucf

Design file:              MuxProgram.ncd
Physical constraint file: MuxProgram.pcf
Device,package,speed:     xc6slx9,tqg144,C,-3 (PRODUCTION 1.23 2013-10-13)
Report level:             verbose report

Environment Variable      Effect 
--------------------      ------ 
NONE                      No environment variables were set
--------------------------------------------------------------------------------

INFO:Timing:2698 - No timing constraints found, doing default enumeration.
INFO:Timing:3412 - To improve timing, see the Timing Closure User Guide (UG612).
INFO:Timing:2752 - To get complete path coverage, use the unconstrained paths 
   option. All paths that are not constrained will be reported in the 
   unconstrained paths section(s) of the report.
INFO:Timing:3339 - The clock-to-out numbers in this timing report are based on 
   a 50 Ohm transmission line loading model.  For the details of this model, 
   and for more information on accounting for different loading conditions, 
   please see the device datasheet.



Data Sheet report:
-----------------
All values displayed in nanoseconds (ns)

Pad to Pad
---------------+---------------+---------+
Source Pad     |Destination Pad|  Delay  |
---------------+---------------+---------+
A0             |Z0             |    7.599|
A0             |Z2             |    8.546|
A0             |Z3             |    6.441|
A0             |Z4             |    6.667|
A1             |Z0             |    7.775|
A1             |Z1             |    7.776|
A1             |Z2             |    8.857|
A1             |Z3             |    7.034|
A1             |Z4             |    6.875|
B0             |Z0             |    7.379|
B0             |Z1             |    7.124|
B0             |Z2             |    8.342|
B0             |Z3             |    6.254|
B0             |Z4             |    6.083|
B1             |Z1             |    7.539|
B1             |Z2             |    8.833|
B1             |Z3             |    7.010|
B1             |Z4             |    6.242|
SE0            |Z0             |    7.518|
SE0            |Z1             |    7.405|
SE0            |Z2             |    8.635|
SE0            |Z3             |    6.276|
SE0            |Z4             |    6.215|
SE1            |Z0             |    7.565|
SE1            |Z1             |    7.769|
SE1            |Z2             |    7.819|
SE1            |Z3             |    6.644|
SE1            |Z4             |    6.569|
SE2            |Z0             |    7.824|
SE2            |Z1             |    8.090|
SE2            |Z2             |    8.072|
SE2            |Z3             |    7.127|
SE2            |Z4             |    6.794|
---------------+---------------+---------+


Analysis completed Mon Apr 25 12:48:13 2022 
--------------------------------------------------------------------------------

Trace Settings:
-------------------------
Trace Settings 

Peak Memory Usage: 4554 MB



